*** Starting uWSGI 2.0.18 (64bit) on [Tue Jun 25 00:22:34 2019] ***
compiled with version: 4.2.1 Compatible Apple LLVM 10.0.1 (clang-1001.0.46.4) on 18 June 2019 06:42:48
os: Darwin-18.2.0 Darwin Kernel Version 18.2.0: Mon Nov 12 20:24:46 PST 2018; root:xnu-4903.231.4~2/RELEASE_X86_64
nodename: louisdeMacBook-Pro.local
machine: x86_64
clock source: unix
detected number of CPU cores: 4
current working directory: /Users/louis/PycharmProjects/celery-demo
detected binary path: /Users/louis/PycharmProjects/celery-demo/venv/bin/uwsgi
!!! no internal routing support, rebuild with pcre support !!!
chdir() to .
your processes number limit is 709
your memory page size is 4096 bytes
detected max file descriptor number: 10240
lock engine: OSX spinlocks
thunder lock: disabled (you can enable it with --thunder-lock)
uWSGI http bound on :8000 fd 4
uwsgi socket 0 bound to TCP address 127.0.0.1:54039 (port auto-assigned) fd 3
Python version: 3.7.3 (v3.7.3:ef4ec6ed12, Mar 25 2019, 16:52:21)  [Clang 6.0 (clang-600.0.57)]
*** Python threads support is disabled. You can enable it with --enable-threads ***
Python main interpreter initialized at 0x7f8509f017f0
your server socket listen backlog is limited to 100 connections
your mercy for graceful operations on workers is 60 seconds
mapped 364440 bytes (355 KB) for 4 cores
*** Operational MODE: preforking ***
WSGI app 0 (mountpoint='') ready in 1 seconds on interpreter 0x7f8509f017f0 pid: 71373 (default app)
*** uWSGI is running in multiple interpreter mode ***
spawned uWSGI master process (pid: 71373)
spawned uWSGI worker 1 (pid: 71380, cores: 1)
spawned uWSGI worker 2 (pid: 71381, cores: 1)
spawned uWSGI worker 3 (pid: 71382, cores: 1)
spawned uWSGI worker 4 (pid: 71383, cores: 1)
spawned uWSGI http 1 (pid: 71384)
./task/task_redis.py
[pid: 71382|app: 0|req: 1/1] 127.0.0.1 () {40 vars in 542 bytes} [Tue Jun 25 00:22:42 2019] POST /async_task => generated 51 bytes in 69 msecs (HTTP/1.1 200) 2 headers in 71 bytes (2 switches on core 0)
SIGINT/SIGQUIT received...killing workers...
gateway "uWSGI http 1" has been buried (pid: 71384)
worker 4 buried after 1 seconds
worker 3 buried after 1 seconds
worker 2 buried after 1 seconds
worker 1 buried after 1 seconds
goodbye to uWSGI.
*** Starting uWSGI 2.0.18 (64bit) on [Tue Jun 25 00:23:49 2019] ***
compiled with version: 4.2.1 Compatible Apple LLVM 10.0.1 (clang-1001.0.46.4) on 18 June 2019 06:42:48
os: Darwin-18.2.0 Darwin Kernel Version 18.2.0: Mon Nov 12 20:24:46 PST 2018; root:xnu-4903.231.4~2/RELEASE_X86_64
nodename: louisdeMacBook-Pro.local
machine: x86_64
clock source: unix
detected number of CPU cores: 4
current working directory: /Users/louis/PycharmProjects/celery-demo
detected binary path: /Users/louis/PycharmProjects/celery-demo/venv/bin/uwsgi
!!! no internal routing support, rebuild with pcre support !!!
chdir() to .
your processes number limit is 709
your memory page size is 4096 bytes
detected max file descriptor number: 10240
lock engine: OSX spinlocks
thunder lock: disabled (you can enable it with --thunder-lock)
uWSGI http bound on :8000 fd 4
uwsgi socket 0 bound to TCP address 127.0.0.1:54055 (port auto-assigned) fd 3
Python version: 3.7.3 (v3.7.3:ef4ec6ed12, Mar 25 2019, 16:52:21)  [Clang 6.0 (clang-600.0.57)]
*** Python threads support is disabled. You can enable it with --enable-threads ***
Python main interpreter initialized at 0x7ff1ddc04950
your server socket listen backlog is limited to 100 connections
your mercy for graceful operations on workers is 60 seconds
mapped 364440 bytes (355 KB) for 4 cores
*** Operational MODE: preforking ***
WSGI app 0 (mountpoint='') ready in 1 seconds on interpreter 0x7ff1ddc04950 pid: 71630 (default app)
*** uWSGI is running in multiple interpreter mode ***
spawned uWSGI master process (pid: 71630)
spawned uWSGI worker 1 (pid: 71637, cores: 1)
spawned uWSGI worker 2 (pid: 71638, cores: 1)
spawned uWSGI worker 3 (pid: 71639, cores: 1)
spawned uWSGI worker 4 (pid: 71640, cores: 1)
spawned uWSGI http 1 (pid: 71641)
/Users/louis/PycharmProjects/celery-demo/app.py/task/task_redis.py
[pid: 71639|app: 0|req: 1/1] 127.0.0.1 () {40 vars in 543 bytes} [Tue Jun 25 00:23:56 2019] POST /async_task => generated 51 bytes in 279 msecs (HTTP/1.1 200) 2 headers in 71 bytes (1 switches on core 0)
SIGINT/SIGQUIT received...killing workers...
gateway "uWSGI http 1" has been buried (pid: 71641)
worker 4 buried after 1 seconds
worker 3 buried after 1 seconds
worker 2 buried after 1 seconds
worker 1 buried after 1 seconds
goodbye to uWSGI.
*** Starting uWSGI 2.0.18 (64bit) on [Tue Jun 25 00:25:53 2019] ***
compiled with version: 4.2.1 Compatible Apple LLVM 10.0.1 (clang-1001.0.46.4) on 18 June 2019 06:42:48
os: Darwin-18.2.0 Darwin Kernel Version 18.2.0: Mon Nov 12 20:24:46 PST 2018; root:xnu-4903.231.4~2/RELEASE_X86_64
nodename: louisdeMacBook-Pro.local
machine: x86_64
clock source: unix
detected number of CPU cores: 4
current working directory: /Users/louis/PycharmProjects/celery-demo
detected binary path: /Users/louis/PycharmProjects/celery-demo/venv/bin/uwsgi
!!! no internal routing support, rebuild with pcre support !!!
chdir() to .
your processes number limit is 709
your memory page size is 4096 bytes
detected max file descriptor number: 10240
lock engine: OSX spinlocks
thunder lock: disabled (you can enable it with --thunder-lock)
uWSGI http bound on :8000 fd 4
uwsgi socket 0 bound to TCP address 127.0.0.1:54074 (port auto-assigned) fd 3
Python version: 3.7.3 (v3.7.3:ef4ec6ed12, Mar 25 2019, 16:52:21)  [Clang 6.0 (clang-600.0.57)]
*** Python threads support is disabled. You can enable it with --enable-threads ***
Python main interpreter initialized at 0x7fb891601b40
your server socket listen backlog is limited to 100 connections
your mercy for graceful operations on workers is 60 seconds
mapped 364440 bytes (355 KB) for 4 cores
*** Operational MODE: preforking ***
WSGI app 0 (mountpoint='') ready in 1 seconds on interpreter 0x7fb891601b40 pid: 72038 (default app)
*** uWSGI is running in multiple interpreter mode ***
spawned uWSGI master process (pid: 72038)
spawned uWSGI worker 1 (pid: 72045, cores: 1)
spawned uWSGI worker 2 (pid: 72046, cores: 1)
spawned uWSGI worker 3 (pid: 72047, cores: 1)
spawned uWSGI worker 4 (pid: 72048, cores: 1)
spawned uWSGI http 1 (pid: 72049)
.
./task/task_redis.py
[pid: 72048|app: 0|req: 1/1] 127.0.0.1 () {40 vars in 543 bytes} [Tue Jun 25 00:26:00 2019] POST /async_task => generated 51 bytes in 356 msecs (HTTP/1.1 200) 2 headers in 71 bytes (1 switches on core 0)
SIGINT/SIGQUIT received...killing workers...
gateway "uWSGI http 1" has been buried (pid: 72049)
worker 4 buried after 1 seconds
worker 3 buried after 1 seconds
worker 2 buried after 1 seconds
worker 1 buried after 1 seconds
goodbye to uWSGI.
*** Starting uWSGI 2.0.18 (64bit) on [Tue Jun 25 00:26:41 2019] ***
compiled with version: 4.2.1 Compatible Apple LLVM 10.0.1 (clang-1001.0.46.4) on 18 June 2019 06:42:48
os: Darwin-18.2.0 Darwin Kernel Version 18.2.0: Mon Nov 12 20:24:46 PST 2018; root:xnu-4903.231.4~2/RELEASE_X86_64
nodename: louisdeMacBook-Pro.local
machine: x86_64
clock source: unix
detected number of CPU cores: 4
current working directory: /Users/louis/PycharmProjects/celery-demo
detected binary path: /Users/louis/PycharmProjects/celery-demo/venv/bin/uwsgi
!!! no internal routing support, rebuild with pcre support !!!
chdir() to .
your processes number limit is 709
your memory page size is 4096 bytes
detected max file descriptor number: 10240
lock engine: OSX spinlocks
thunder lock: disabled (you can enable it with --thunder-lock)
uWSGI http bound on :8000 fd 4
uwsgi socket 0 bound to TCP address 127.0.0.1:54084 (port auto-assigned) fd 3
Python version: 3.7.3 (v3.7.3:ef4ec6ed12, Mar 25 2019, 16:52:21)  [Clang 6.0 (clang-600.0.57)]
*** Python threads support is disabled. You can enable it with --enable-threads ***
Python main interpreter initialized at 0x7f898fc09710
your server socket listen backlog is limited to 100 connections
your mercy for graceful operations on workers is 60 seconds
mapped 364440 bytes (355 KB) for 4 cores
*** Operational MODE: preforking ***
WSGI app 0 (mountpoint='') ready in 1 seconds on interpreter 0x7f898fc09710 pid: 72210 (default app)
*** uWSGI is running in multiple interpreter mode ***
spawned uWSGI master process (pid: 72210)
spawned uWSGI worker 1 (pid: 72217, cores: 1)
spawned uWSGI worker 2 (pid: 72218, cores: 1)
spawned uWSGI worker 3 (pid: 72219, cores: 1)
spawned uWSGI worker 4 (pid: 72220, cores: 1)
spawned uWSGI http 1 (pid: 72221)
.
./nedcelery/task/task_redis.py
[pid: 72220|app: 0|req: 1/1] 127.0.0.1 () {40 vars in 543 bytes} [Tue Jun 25 00:26:48 2019] POST /async_task => generated 51 bytes in 163 msecs (HTTP/1.1 200) 2 headers in 71 bytes (1 switches on core 0)
SIGINT/SIGQUIT received...killing workers...
gateway "uWSGI http 1" has been buried (pid: 72221)
worker 4 buried after 1 seconds
worker 3 buried after 1 seconds
worker 2 buried after 1 seconds
worker 1 buried after 1 seconds
goodbye to uWSGI.
*** Starting uWSGI 2.0.18 (64bit) on [Tue Jun 25 09:50:03 2019] ***
compiled with version: 4.2.1 Compatible Apple LLVM 10.0.1 (clang-1001.0.46.4) on 18 June 2019 06:42:48
os: Darwin-18.2.0 Darwin Kernel Version 18.2.0: Mon Nov 12 20:24:46 PST 2018; root:xnu-4903.231.4~2/RELEASE_X86_64
nodename: louisdembp.cn.ibm.com
machine: x86_64
clock source: unix
detected number of CPU cores: 4
current working directory: /Users/louis/PycharmProjects/celery-demo
detected binary path: /Users/louis/PycharmProjects/celery-demo/venv/bin/uwsgi
!!! no internal routing support, rebuild with pcre support !!!
chdir() to .
your processes number limit is 709
your memory page size is 4096 bytes
detected max file descriptor number: 10240
lock engine: OSX spinlocks
thunder lock: disabled (you can enable it with --thunder-lock)
uWSGI http bound on :8000 fd 4
uwsgi socket 0 bound to TCP address 127.0.0.1:55258 (port auto-assigned) fd 3
Python version: 3.7.3 (v3.7.3:ef4ec6ed12, Mar 25 2019, 16:52:21)  [Clang 6.0 (clang-600.0.57)]
*** Python threads support is disabled. You can enable it with --enable-threads ***
Python main interpreter initialized at 0x7fb93bc04fd0
your server socket listen backlog is limited to 100 connections
your mercy for graceful operations on workers is 60 seconds
mapped 364440 bytes (355 KB) for 4 cores
*** Operational MODE: preforking ***
WSGI app 0 (mountpoint='') ready in 1 seconds on interpreter 0x7fb93bc04fd0 pid: 85718 (default app)
*** uWSGI is running in multiple interpreter mode ***
spawned uWSGI master process (pid: 85718)
spawned uWSGI worker 1 (pid: 85725, cores: 1)
spawned uWSGI worker 2 (pid: 85726, cores: 1)
spawned uWSGI worker 3 (pid: 85727, cores: 1)
spawned uWSGI worker 4 (pid: 85728, cores: 1)
spawned uWSGI http 1 (pid: 85729)
[pid: 85728|app: 0|req: 1/1] 127.0.0.1 () {40 vars in 540 bytes} [Tue Jun 25 09:50:19 2019] POST /async_task => generated 51 bytes in 288 msecs (HTTP/1.1 200) 2 headers in 71 bytes (2 switches on core 0)
SIGINT/SIGQUIT received...killing workers...
gateway "uWSGI http 1" has been buried (pid: 85729)
worker 4 buried after 1 seconds
worker 3 buried after 1 seconds
worker 2 buried after 1 seconds
worker 1 buried after 1 seconds
goodbye to uWSGI.
*** Starting uWSGI 2.0.18 (64bit) on [Tue Jun 25 15:28:44 2019] ***
compiled with version: 4.2.1 Compatible Apple LLVM 10.0.1 (clang-1001.0.46.4) on 18 June 2019 06:42:48
os: Darwin-18.2.0 Darwin Kernel Version 18.2.0: Mon Nov 12 20:24:46 PST 2018; root:xnu-4903.231.4~2/RELEASE_X86_64
nodename: louisdembp.cn.ibm.com
machine: x86_64
clock source: unix
detected number of CPU cores: 4
current working directory: /Users/louis/PycharmProjects/celery-demo
detected binary path: /Users/louis/PycharmProjects/celery-demo/venv/bin/uwsgi
!!! no internal routing support, rebuild with pcre support !!!
chdir() to .
your processes number limit is 709
your memory page size is 4096 bytes
detected max file descriptor number: 10240
lock engine: OSX spinlocks
thunder lock: disabled (you can enable it with --thunder-lock)
uWSGI http bound on :8000 fd 4
uwsgi socket 0 bound to TCP address 127.0.0.1:60066 (port auto-assigned) fd 3
Python version: 3.7.3 (v3.7.3:ef4ec6ed12, Mar 25 2019, 16:52:21)  [Clang 6.0 (clang-600.0.57)]
*** Python threads support is disabled. You can enable it with --enable-threads ***
Python main interpreter initialized at 0x7ffbe2501e80
your server socket listen backlog is limited to 100 connections
your mercy for graceful operations on workers is 60 seconds
mapped 364440 bytes (355 KB) for 4 cores
*** Operational MODE: preforking ***
WSGI app 0 (mountpoint='') ready in 2 seconds on interpreter 0x7ffbe2501e80 pid: 50039 (default app)
*** uWSGI is running in multiple interpreter mode ***
spawned uWSGI master process (pid: 50039)
spawned uWSGI worker 1 (pid: 50048, cores: 1)
spawned uWSGI worker 2 (pid: 50049, cores: 1)
spawned uWSGI worker 3 (pid: 50050, cores: 1)
spawned uWSGI worker 4 (pid: 50051, cores: 1)
spawned uWSGI http 1 (pid: 50052)
SIGINT/SIGQUIT received...killing workers...
gateway "uWSGI http 1" has been buried (pid: 50052)
worker 4 buried after 1 seconds
worker 3 buried after 1 seconds
worker 2 buried after 1 seconds
worker 1 buried after 1 seconds
goodbye to uWSGI.
*** Starting uWSGI 2.0.18 (64bit) on [Tue Jun 25 15:29:41 2019] ***
compiled with version: 4.2.1 Compatible Apple LLVM 10.0.1 (clang-1001.0.46.4) on 18 June 2019 06:42:48
os: Darwin-18.2.0 Darwin Kernel Version 18.2.0: Mon Nov 12 20:24:46 PST 2018; root:xnu-4903.231.4~2/RELEASE_X86_64
nodename: louisdembp.cn.ibm.com
machine: x86_64
clock source: unix
detected number of CPU cores: 4
current working directory: /Users/louis/PycharmProjects/celery-demo
detected binary path: /Users/louis/PycharmProjects/celery-demo/venv/bin/uwsgi
!!! no internal routing support, rebuild with pcre support !!!
chdir() to .
your processes number limit is 709
your memory page size is 4096 bytes
detected max file descriptor number: 10240
lock engine: OSX spinlocks
thunder lock: disabled (you can enable it with --thunder-lock)
uwsgi socket 0 bound to TCP address :5000 fd 3
Python version: 3.7.3 (v3.7.3:ef4ec6ed12, Mar 25 2019, 16:52:21)  [Clang 6.0 (clang-600.0.57)]
*** Python threads support is disabled. You can enable it with --enable-threads ***
Python main interpreter initialized at 0x7f8131603150
your server socket listen backlog is limited to 100 connections
your mercy for graceful operations on workers is 60 seconds
mapped 364440 bytes (355 KB) for 4 cores
*** Operational MODE: preforking ***
WSGI app 0 (mountpoint='') ready in 2 seconds on interpreter 0x7f8131603150 pid: 50279 (default app)
*** uWSGI is running in multiple interpreter mode ***
spawned uWSGI master process (pid: 50279)
spawned uWSGI worker 1 (pid: 50286, cores: 1)
spawned uWSGI worker 2 (pid: 50287, cores: 1)
spawned uWSGI worker 3 (pid: 50288, cores: 1)
spawned uWSGI worker 4 (pid: 50289, cores: 1)
invalid request block size: 21327 (max 4096)...skip
invalid request block size: 21327 (max 4096)...skip
invalid request block size: 21327 (max 4096)...skip
invalid request block size: 21327 (max 4096)...skip
SIGINT/SIGQUIT received...killing workers...
worker 4 buried after 1 seconds
worker 3 buried after 1 seconds
worker 2 buried after 1 seconds
worker 1 buried after 1 seconds
goodbye to uWSGI.
*** Starting uWSGI 2.0.18 (64bit) on [Tue Jun 25 15:33:21 2019] ***
compiled with version: 4.2.1 Compatible Apple LLVM 10.0.1 (clang-1001.0.46.4) on 18 June 2019 06:42:48
os: Darwin-18.2.0 Darwin Kernel Version 18.2.0: Mon Nov 12 20:24:46 PST 2018; root:xnu-4903.231.4~2/RELEASE_X86_64
nodename: louisdembp.cn.ibm.com
machine: x86_64
clock source: unix
detected number of CPU cores: 4
current working directory: /Users/louis/PycharmProjects/celery-demo
detected binary path: /Users/louis/PycharmProjects/celery-demo/venv/bin/uwsgi
!!! no internal routing support, rebuild with pcre support !!!
chdir() to .
your processes number limit is 709
your memory page size is 4096 bytes
detected max file descriptor number: 10240
lock engine: OSX spinlocks
thunder lock: disabled (you can enable it with --thunder-lock)
uWSGI http bound on :8000 fd 4
uwsgi socket 0 bound to TCP address 127.0.0.1:60167 (port auto-assigned) fd 3
Python version: 3.7.3 (v3.7.3:ef4ec6ed12, Mar 25 2019, 16:52:21)  [Clang 6.0 (clang-600.0.57)]
*** Python threads support is disabled. You can enable it with --enable-threads ***
Python main interpreter initialized at 0x7fd0286027b0
your server socket listen backlog is limited to 100 connections
your mercy for graceful operations on workers is 60 seconds
mapped 364440 bytes (355 KB) for 4 cores
*** Operational MODE: preforking ***
WSGI app 0 (mountpoint='') ready in 1 seconds on interpreter 0x7fd0286027b0 pid: 51167 (default app)
*** uWSGI is running in multiple interpreter mode ***
spawned uWSGI master process (pid: 51167)
spawned uWSGI worker 1 (pid: 51176, cores: 1)
spawned uWSGI worker 2 (pid: 51177, cores: 1)
spawned uWSGI worker 3 (pid: 51178, cores: 1)
spawned uWSGI worker 4 (pid: 51179, cores: 1)
spawned uWSGI http 1 (pid: 51180)
[pid: 51179|app: 0|req: 1/1] 127.0.0.1 () {40 vars in 539 bytes} [Tue Jun 25 15:33:31 2019] POST /async_task => generated 51 bytes in 133 msecs (HTTP/1.1 200) 2 headers in 71 bytes (1 switches on core 0)
SIGINT/SIGQUIT received...killing workers...
gateway "uWSGI http 1" has been buried (pid: 51180)
worker 4 buried after 1 seconds
worker 3 buried after 1 seconds
worker 2 buried after 1 seconds
worker 1 buried after 1 seconds
goodbye to uWSGI.
*** Starting uWSGI 2.0.18 (64bit) on [Tue Jun 25 15:34:37 2019] ***
compiled with version: 4.2.1 Compatible Apple LLVM 10.0.1 (clang-1001.0.46.4) on 18 June 2019 06:42:48
os: Darwin-18.2.0 Darwin Kernel Version 18.2.0: Mon Nov 12 20:24:46 PST 2018; root:xnu-4903.231.4~2/RELEASE_X86_64
nodename: louisdembp.cn.ibm.com
machine: x86_64
clock source: unix
detected number of CPU cores: 4
current working directory: /Users/louis/PycharmProjects/celery-demo
detected binary path: /Users/louis/PycharmProjects/celery-demo/venv/bin/uwsgi
!!! no internal routing support, rebuild with pcre support !!!
chdir() to .
your processes number limit is 709
your memory page size is 4096 bytes
detected max file descriptor number: 10240
lock engine: OSX spinlocks
thunder lock: disabled (you can enable it with --thunder-lock)
uWSGI http bound on :8000 fd 4
uwsgi socket 0 bound to TCP address 127.0.0.1:60194 (port auto-assigned) fd 3
Python version: 3.7.3 (v3.7.3:ef4ec6ed12, Mar 25 2019, 16:52:21)  [Clang 6.0 (clang-600.0.57)]
*** Python threads support is disabled. You can enable it with --enable-threads ***
Python main interpreter initialized at 0x7fe9397026e0
your server socket listen backlog is limited to 100 connections
your mercy for graceful operations on workers is 60 seconds
mapped 364440 bytes (355 KB) for 4 cores
*** Operational MODE: preforking ***
WSGI app 0 (mountpoint='') ready in 1 seconds on interpreter 0x7fe9397026e0 pid: 51459 (default app)
*** uWSGI is running in multiple interpreter mode ***
spawned uWSGI master process (pid: 51459)
spawned uWSGI worker 1 (pid: 51466, cores: 1)
spawned uWSGI worker 2 (pid: 51467, cores: 1)
spawned uWSGI worker 3 (pid: 51468, cores: 1)
spawned uWSGI worker 4 (pid: 51469, cores: 1)
spawned uWSGI http 1 (pid: 51470)
[pid: 51469|app: 0|req: 1/1] 127.0.0.1 () {40 vars in 540 bytes} [Tue Jun 25 15:34:54 2019] POST /async_task => generated 51 bytes in 95 msecs (HTTP/1.1 200) 2 headers in 71 bytes (1 switches on core 0)
[pid: 51468|app: 0|req: 1/2] 127.0.0.1 () {40 vars in 540 bytes} [Tue Jun 25 15:34:54 2019] POST /async_task => generated 51 bytes in 89 msecs (HTTP/1.1 200) 2 headers in 71 bytes (1 switches on core 0)
[pid: 51469|app: 0|req: 2/3] 127.0.0.1 () {40 vars in 540 bytes} [Tue Jun 25 15:34:55 2019] POST /async_task => generated 51 bytes in 2 msecs (HTTP/1.1 200) 2 headers in 71 bytes (2 switches on core 0)
[pid: 51469|app: 0|req: 3/4] 127.0.0.1 () {40 vars in 540 bytes} [Tue Jun 25 15:34:56 2019] POST /async_task => generated 51 bytes in 2 msecs (HTTP/1.1 200) 2 headers in 71 bytes (2 switches on core 0)
[pid: 51469|app: 0|req: 4/5] 127.0.0.1 () {40 vars in 540 bytes} [Tue Jun 25 15:34:57 2019] POST /async_task => generated 51 bytes in 2 msecs (HTTP/1.1 200) 2 headers in 71 bytes (2 switches on core 0)
[pid: 51469|app: 0|req: 5/6] 127.0.0.1 () {40 vars in 540 bytes} [Tue Jun 25 15:38:32 2019] POST /async_task => generated 51 bytes in 50 msecs (HTTP/1.1 200) 2 headers in 71 bytes (2 switches on core 0)
[pid: 51469|app: 0|req: 6/7] 127.0.0.1 () {40 vars in 540 bytes} [Tue Jun 25 15:38:33 2019] POST /async_task => generated 51 bytes in 2 msecs (HTTP/1.1 200) 2 headers in 71 bytes (1 switches on core 0)
[pid: 51468|app: 0|req: 2/8] 127.0.0.1 () {40 vars in 540 bytes} [Tue Jun 25 15:38:34 2019] POST /async_task => generated 51 bytes in 268 msecs (HTTP/1.1 200) 2 headers in 71 bytes (2 switches on core 0)
[pid: 51468|app: 0|req: 3/9] 127.0.0.1 () {40 vars in 540 bytes} [Tue Jun 25 15:38:35 2019] POST /async_task => generated 51 bytes in 2 msecs (HTTP/1.1 200) 2 headers in 71 bytes (2 switches on core 0)
[pid: 51468|app: 0|req: 4/10] 127.0.0.1 () {40 vars in 540 bytes} [Tue Jun 25 15:38:36 2019] POST /async_task => generated 51 bytes in 3 msecs (HTTP/1.1 200) 2 headers in 71 bytes (2 switches on core 0)
[pid: 51469|app: 0|req: 7/11] 127.0.0.1 () {40 vars in 540 bytes} [Tue Jun 25 15:38:37 2019] POST /async_task => generated 51 bytes in 5 msecs (HTTP/1.1 200) 2 headers in 71 bytes (1 switches on core 0)
